Namespace(batch_size=16, cycle=False, dataset='SceneflowDataset', dataset_path='data_processed_maxcut_35_20k_2k_8192', dropout=0.5, emb_dims=512, epochs=250, eval=False, exp_name='exp', gaussian_noise=False, lr=0.001, model='flownet', model_path='', momentum=0.9, no_cuda=False, num_points=2048, seed=1234, test_batch_size=10, unseen=False, use_sgd=True)
==epoch: 0==
mean train EPE loss: 0.431267
mean test EPE loss: 0.340582
best test loss till now: 0.340582
==epoch: 1==
mean train EPE loss: 0.281639
mean test EPE loss: 0.225758
best test loss till now: 0.225758
==epoch: 2==
mean train EPE loss: 0.199420
mean test EPE loss: 0.486167
==epoch: 3==
mean train EPE loss: 0.183233
mean test EPE loss: 0.252737
==epoch: 4==
mean train EPE loss: 0.152588
mean test EPE loss: 0.090534
best test loss till now: 0.090534
==epoch: 5==
mean train EPE loss: 0.115606
mean test EPE loss: 0.092835
==epoch: 6==
mean train EPE loss: 0.104571
mean test EPE loss: 0.084480
best test loss till now: 0.084480
==epoch: 7==
mean train EPE loss: 0.105153
mean test EPE loss: 0.164466
==epoch: 8==
mean train EPE loss: 0.108821
mean test EPE loss: 0.075580
best test loss till now: 0.075580
==epoch: 9==
mean train EPE loss: 0.092925
mean test EPE loss: 0.072869
best test loss till now: 0.072869
==epoch: 10==
mean train EPE loss: 0.111956
mean test EPE loss: 0.074745
==epoch: 11==
mean train EPE loss: 0.099146
mean test EPE loss: 0.137278
==epoch: 12==
mean train EPE loss: 0.094207
mean test EPE loss: 0.060559
best test loss till now: 0.060559
==epoch: 13==
mean train EPE loss: 0.093185
mean test EPE loss: 0.286756
==epoch: 14==
mean train EPE loss: 0.119268
mean test EPE loss: 0.077205
==epoch: 15==
mean train EPE loss: 0.093827
mean test EPE loss: 0.086382
==epoch: 16==
mean train EPE loss: 0.098988
mean test EPE loss: 0.217489
==epoch: 17==
mean train EPE loss: 0.097835
mean test EPE loss: 0.210513
==epoch: 18==
mean train EPE loss: 0.089085
mean test EPE loss: 0.086404
==epoch: 19==
mean train EPE loss: 0.083784
mean test EPE loss: 0.138668
==epoch: 20==
mean train EPE loss: 0.082815
mean test EPE loss: 0.080228
==epoch: 21==
mean train EPE loss: 0.116256
mean test EPE loss: 0.129814
==epoch: 22==
mean train EPE loss: 0.091469
mean test EPE loss: 0.102912
==epoch: 23==
mean train EPE loss: 0.082279
mean test EPE loss: 0.172294
==epoch: 24==
mean train EPE loss: 0.085325
mean test EPE loss: 0.161060
==epoch: 25==
mean train EPE loss: 0.121022
mean test EPE loss: 0.079917
==epoch: 26==
mean train EPE loss: 0.091292
mean test EPE loss: 0.115361
==epoch: 27==
mean train EPE loss: 0.097489
mean test EPE loss: 0.220803
==epoch: 28==
mean train EPE loss: 0.180581
mean test EPE loss: 0.157473
==epoch: 29==
mean train EPE loss: 0.138735
mean test EPE loss: 0.134292
==epoch: 30==
mean train EPE loss: 0.100302
mean test EPE loss: 0.084820
==epoch: 31==
mean train EPE loss: 0.103264
mean test EPE loss: 0.082913
==epoch: 32==
mean train EPE loss: 0.121330
mean test EPE loss: 0.134099
==epoch: 33==
mean train EPE loss: 0.112699
mean test EPE loss: 0.311156
==epoch: 34==
mean train EPE loss: 0.112178
mean test EPE loss: 0.142419
==epoch: 35==
mean train EPE loss: 0.095854
mean test EPE loss: 0.115068
==epoch: 36==
mean train EPE loss: 0.106807
mean test EPE loss: 0.137521
==epoch: 37==
mean train EPE loss: 0.093730
mean test EPE loss: 0.118231
==epoch: 38==
mean train EPE loss: 0.093971
mean test EPE loss: 0.115105
==epoch: 39==
mean train EPE loss: 0.111744
mean test EPE loss: 0.116915
==epoch: 40==
mean train EPE loss: 0.102366
mean test EPE loss: 0.196135
==epoch: 41==
mean train EPE loss: 0.128530
mean test EPE loss: 0.114343
==epoch: 42==
mean train EPE loss: 0.100045
mean test EPE loss: 0.119588
==epoch: 43==
mean train EPE loss: 0.104259
mean test EPE loss: 0.120017
==epoch: 44==
mean train EPE loss: 0.094137
mean test EPE loss: 0.080023
==epoch: 45==
mean train EPE loss: 0.097274
mean test EPE loss: 0.524483
==epoch: 46==
mean train EPE loss: 0.096686
mean test EPE loss: 0.151619
==epoch: 47==
mean train EPE loss: 0.098596
mean test EPE loss: 0.106602
==epoch: 48==
mean train EPE loss: 0.122597
mean test EPE loss: 0.116297
==epoch: 49==
mean train EPE loss: 0.121335
mean test EPE loss: 0.137051
==epoch: 50==
mean train EPE loss: 0.110066
mean test EPE loss: 0.120013
==epoch: 51==
mean train EPE loss: 0.094533
mean test EPE loss: 0.074296
==epoch: 52==
mean train EPE loss: 0.091124
mean test EPE loss: 0.170632
==epoch: 53==
mean train EPE loss: 0.083498
mean test EPE loss: 0.081407
==epoch: 54==
mean train EPE loss: 0.081401
mean test EPE loss: 0.122202
==epoch: 55==
mean train EPE loss: 0.101494
mean test EPE loss: 0.150662
==epoch: 56==
mean train EPE loss: 0.107318
mean test EPE loss: 0.128086
==epoch: 57==
mean train EPE loss: 0.103620
mean test EPE loss: 0.534634
==epoch: 58==
mean train EPE loss: 0.113620
mean test EPE loss: 0.258004
==epoch: 59==
mean train EPE loss: 0.094324
mean test EPE loss: 0.200595
==epoch: 60==
mean train EPE loss: 0.088799
mean test EPE loss: 0.091650
==epoch: 61==
mean train EPE loss: 0.111435
mean test EPE loss: 0.150889
==epoch: 62==
mean train EPE loss: 0.095880
mean test EPE loss: 0.099913
==epoch: 63==
mean train EPE loss: 0.085993
mean test EPE loss: 0.096410
==epoch: 64==
mean train EPE loss: 0.139014
mean test EPE loss: 0.152282
==epoch: 65==
mean train EPE loss: 0.120000
mean test EPE loss: 0.191974
==epoch: 66==
mean train EPE loss: 0.098411
mean test EPE loss: 0.077673
==epoch: 67==
mean train EPE loss: 0.093562
mean test EPE loss: 0.299697
==epoch: 68==
mean train EPE loss: 0.092936
mean test EPE loss: 0.187221
==epoch: 69==
mean train EPE loss: 0.097947
mean test EPE loss: 0.089446
==epoch: 70==
mean train EPE loss: 0.094262
mean test EPE loss: 0.086140
==epoch: 71==
mean train EPE loss: 0.087693
mean test EPE loss: 0.119610
==epoch: 72==
mean train EPE loss: 0.109871
mean test EPE loss: 0.125179
==epoch: 73==
mean train EPE loss: 0.109439
mean test EPE loss: 0.203852
==epoch: 74==
mean train EPE loss: 0.061579
mean test EPE loss: 0.050836
best test loss till now: 0.050836
==epoch: 75==
mean train EPE loss: 0.055292
mean test EPE loss: 0.049345
best test loss till now: 0.049345
==epoch: 76==
mean train EPE loss: 0.052402
mean test EPE loss: 0.049112
best test loss till now: 0.049112
==epoch: 77==
mean train EPE loss: 0.051441
mean test EPE loss: 0.048259
best test loss till now: 0.048259
==epoch: 78==
mean train EPE loss: 0.049255
mean test EPE loss: 0.045184
best test loss till now: 0.045184
==epoch: 79==
mean train EPE loss: 0.048349
mean test EPE loss: 0.044542
best test loss till now: 0.044542
==epoch: 80==
mean train EPE loss: 0.047860
mean test EPE loss: 0.044045
best test loss till now: 0.044045
==epoch: 81==
mean train EPE loss: 0.047181
mean test EPE loss: 0.043438
best test loss till now: 0.043438
==epoch: 82==
mean train EPE loss: 0.046353
mean test EPE loss: 0.043515
==epoch: 83==
mean train EPE loss: 0.044734
mean test EPE loss: 0.047540
==epoch: 84==
mean train EPE loss: 0.044939
mean test EPE loss: 0.051199
==epoch: 85==
mean train EPE loss: 0.045149
mean test EPE loss: 0.047455
==epoch: 86==
mean train EPE loss: 0.044522
mean test EPE loss: 0.043278
best test loss till now: 0.043278
==epoch: 87==
mean train EPE loss: 0.043332
mean test EPE loss: 0.041886
best test loss till now: 0.041886
==epoch: 88==
mean train EPE loss: 0.042941
mean test EPE loss: 0.040249
best test loss till now: 0.040249
==epoch: 89==
mean train EPE loss: 0.043220
mean test EPE loss: 0.043912
==epoch: 90==
mean train EPE loss: 0.042146
mean test EPE loss: 0.040242
best test loss till now: 0.040242
==epoch: 91==
mean train EPE loss: 0.042009
mean test EPE loss: 0.043131
==epoch: 92==
mean train EPE loss: 0.044422
mean test EPE loss: 0.040763
==epoch: 93==
mean train EPE loss: 0.041697
mean test EPE loss: 0.040677
==epoch: 94==
mean train EPE loss: 0.042747
mean test EPE loss: 0.043065
==epoch: 95==
mean train EPE loss: 0.041275
mean test EPE loss: 0.061719
==epoch: 96==
mean train EPE loss: 0.040938
mean test EPE loss: 0.040100
best test loss till now: 0.040100
==epoch: 97==
mean train EPE loss: 0.040176
mean test EPE loss: 0.041430
==epoch: 98==
mean train EPE loss: 0.040095
mean test EPE loss: 0.043294
==epoch: 99==
mean train EPE loss: 0.040749
mean test EPE loss: 0.041395
==epoch: 100==
mean train EPE loss: 0.039777
mean test EPE loss: 0.047169
==epoch: 101==
mean train EPE loss: 0.039507
mean test EPE loss: 0.042961
==epoch: 102==
mean train EPE loss: 0.038821
mean test EPE loss: 0.040169
==epoch: 103==
mean train EPE loss: 0.038797
mean test EPE loss: 0.043976
==epoch: 104==
mean train EPE loss: 0.039189
mean test EPE loss: 0.041950
==epoch: 105==
mean train EPE loss: 0.038747
mean test EPE loss: 0.049623
==epoch: 106==
mean train EPE loss: 0.038075
mean test EPE loss: 0.042769
==epoch: 107==
mean train EPE loss: 0.054479
mean test EPE loss: 0.042971
==epoch: 108==
mean train EPE loss: 0.039962
mean test EPE loss: 0.042330
==epoch: 109==
mean train EPE loss: 0.038406
mean test EPE loss: 0.040655
==epoch: 110==
mean train EPE loss: 0.038010
mean test EPE loss: 0.043136
==epoch: 111==
mean train EPE loss: 0.038265
mean test EPE loss: 0.047118
==epoch: 112==
mean train EPE loss: 0.038916
mean test EPE loss: 0.040351
==epoch: 113==
mean train EPE loss: 0.038712
mean test EPE loss: 0.042451
==epoch: 114==
mean train EPE loss: 0.038139
mean test EPE loss: 0.040773
==epoch: 115==
mean train EPE loss: 0.036875
mean test EPE loss: 0.036831
best test loss till now: 0.036831
==epoch: 116==
mean train EPE loss: 0.037052
mean test EPE loss: 0.048804
==epoch: 117==
mean train EPE loss: 0.044620
mean test EPE loss: 0.038921
==epoch: 118==
mean train EPE loss: 0.039674
mean test EPE loss: 0.041633
==epoch: 119==
mean train EPE loss: 0.037422
mean test EPE loss: 0.040810
==epoch: 120==
mean train EPE loss: 0.039921
mean test EPE loss: 0.038312
==epoch: 121==
mean train EPE loss: 0.037769
mean test EPE loss: 0.043904
==epoch: 122==
mean train EPE loss: 0.037357
mean test EPE loss: 0.048388
==epoch: 123==
mean train EPE loss: 0.036850
mean test EPE loss: 0.045566
==epoch: 124==
mean train EPE loss: 0.060290
mean test EPE loss: 0.053383
==epoch: 125==
mean train EPE loss: 0.043697
mean test EPE loss: 0.047074
==epoch: 126==
mean train EPE loss: 0.038173
mean test EPE loss: 0.053482
==epoch: 127==
mean train EPE loss: 0.037987
mean test EPE loss: 0.038928
==epoch: 128==
mean train EPE loss: 0.037219
mean test EPE loss: 0.048666
==epoch: 129==
mean train EPE loss: 0.039154
mean test EPE loss: 0.048725
==epoch: 130==
mean train EPE loss: 0.039520
mean test EPE loss: 0.646286
==epoch: 131==
mean train EPE loss: 0.125637
mean test EPE loss: 0.064231
==epoch: 132==
mean train EPE loss: 0.068421
mean test EPE loss: 0.066377
==epoch: 133==
mean train EPE loss: 0.057878
mean test EPE loss: 0.059458
==epoch: 134==
mean train EPE loss: 0.047915
mean test EPE loss: 0.048381
==epoch: 135==
mean train EPE loss: 0.051619
mean test EPE loss: 0.054877
==epoch: 136==
mean train EPE loss: 0.045060
mean test EPE loss: 0.042842
==epoch: 137==
mean train EPE loss: 0.042876
mean test EPE loss: 0.042160
==epoch: 138==
mean train EPE loss: 0.072831
mean test EPE loss: 0.058927
==epoch: 139==
mean train EPE loss: 0.047535
mean test EPE loss: 0.052637
==epoch: 140==
mean train EPE loss: 0.042772
mean test EPE loss: 0.047589
==epoch: 141==
mean train EPE loss: 0.067966
mean test EPE loss: 0.080942
==epoch: 142==
mean train EPE loss: 0.049519
mean test EPE loss: 0.048909
==epoch: 143==
mean train EPE loss: 0.057491
mean test EPE loss: 0.045427
==epoch: 144==
mean train EPE loss: 0.043909
mean test EPE loss: 0.050124
==epoch: 145==
mean train EPE loss: 0.040438
mean test EPE loss: 0.065062
==epoch: 146==
mean train EPE loss: 0.040756
mean test EPE loss: 0.042820
==epoch: 147==
mean train EPE loss: 0.039328
mean test EPE loss: 0.045023
==epoch: 148==
mean train EPE loss: 0.039731
mean test EPE loss: 0.046295
==epoch: 149==
mean train EPE loss: 0.033457
mean test EPE loss: 0.038286
==epoch: 150==
mean train EPE loss: 0.032474
mean test EPE loss: 0.037882
==epoch: 151==
mean train EPE loss: 0.032028
mean test EPE loss: 0.036715
best test loss till now: 0.036715
==epoch: 152==
mean train EPE loss: 0.031789
mean test EPE loss: 0.036179
best test loss till now: 0.036179
==epoch: 153==
mean train EPE loss: 0.031620
mean test EPE loss: 0.036320
==epoch: 154==
mean train EPE loss: 0.031462
mean test EPE loss: 0.037848
==epoch: 155==
mean train EPE loss: 0.031266
mean test EPE loss: 0.035856
best test loss till now: 0.035856
==epoch: 156==
mean train EPE loss: 0.031153
mean test EPE loss: 0.035330
best test loss till now: 0.035330
==epoch: 157==
mean train EPE loss: 0.030883
mean test EPE loss: 0.038545
==epoch: 158==
mean train EPE loss: 0.030771
mean test EPE loss: 0.037662
==epoch: 159==
mean train EPE loss: 0.030684
mean test EPE loss: 0.036628
==epoch: 160==
mean train EPE loss: 0.030658
mean test EPE loss: 0.035776
==epoch: 161==
mean train EPE loss: 0.030494
mean test EPE loss: 0.036119
==epoch: 162==
mean train EPE loss: 0.030485
mean test EPE loss: 0.036775
==epoch: 163==
mean train EPE loss: 0.030373
mean test EPE loss: 0.036000
==epoch: 164==
mean train EPE loss: 0.030155
mean test EPE loss: 0.036485
==epoch: 165==
mean train EPE loss: 0.030120
mean test EPE loss: 0.037285
==epoch: 166==
mean train EPE loss: 0.029916
mean test EPE loss: 0.035390
==epoch: 167==
mean train EPE loss: 0.030095
mean test EPE loss: 0.035157
best test loss till now: 0.035157
==epoch: 168==
mean train EPE loss: 0.030084
mean test EPE loss: 0.035677
==epoch: 169==
mean train EPE loss: 0.029839
mean test EPE loss: 0.037897
==epoch: 170==
mean train EPE loss: 0.029642
mean test EPE loss: 0.034786
best test loss till now: 0.034786
==epoch: 171==
mean train EPE loss: 0.029709
mean test EPE loss: 0.035407
==epoch: 172==
mean train EPE loss: 0.029876
mean test EPE loss: 0.034901
==epoch: 173==
mean train EPE loss: 0.029606
mean test EPE loss: 0.034922
==epoch: 174==
mean train EPE loss: 0.029639
mean test EPE loss: 0.035265
==epoch: 175==
mean train EPE loss: 0.029553
mean test EPE loss: 0.034260
best test loss till now: 0.034260
==epoch: 176==
mean train EPE loss: 0.029447
mean test EPE loss: 0.033920
best test loss till now: 0.033920
==epoch: 177==
mean train EPE loss: 0.029256
mean test EPE loss: 0.034217
==epoch: 178==
mean train EPE loss: 0.029407
mean test EPE loss: 0.035980
==epoch: 179==
mean train EPE loss: 0.029123
mean test EPE loss: 0.035431
==epoch: 180==
mean train EPE loss: 0.029134
mean test EPE loss: 0.035094
==epoch: 181==
mean train EPE loss: 0.029070
mean test EPE loss: 0.033394
best test loss till now: 0.033394
==epoch: 182==
mean train EPE loss: 0.028978
mean test EPE loss: 0.033072
best test loss till now: 0.033072
==epoch: 183==
mean train EPE loss: 0.029126
mean test EPE loss: 0.033100
==epoch: 184==
mean train EPE loss: 0.028822
mean test EPE loss: 0.033545
==epoch: 185==
mean train EPE loss: 0.028847
mean test EPE loss: 0.035196
==epoch: 186==
mean train EPE loss: 0.028828
mean test EPE loss: 0.034903
==epoch: 187==
mean train EPE loss: 0.028769
mean test EPE loss: 0.033576
==epoch: 188==
mean train EPE loss: 0.028639
mean test EPE loss: 0.034419
==epoch: 189==
mean train EPE loss: 0.028539
mean test EPE loss: 0.033615
==epoch: 190==
mean train EPE loss: 0.028608
mean test EPE loss: 0.035396
==epoch: 191==
mean train EPE loss: 0.028592
mean test EPE loss: 0.033096
==epoch: 192==
mean train EPE loss: 0.028420
mean test EPE loss: 0.034238
==epoch: 193==
mean train EPE loss: 0.028547
mean test EPE loss: 0.034912
==epoch: 194==
mean train EPE loss: 0.028453
mean test EPE loss: 0.034301
==epoch: 195==
mean train EPE loss: 0.028288
mean test EPE loss: 0.034242
==epoch: 196==
mean train EPE loss: 0.028220
mean test EPE loss: 0.032635
best test loss till now: 0.032635
==epoch: 197==
mean train EPE loss: 0.028366
mean test EPE loss: 0.032584
best test loss till now: 0.032584
==epoch: 198==
mean train EPE loss: 0.028457
mean test EPE loss: 0.035276
==epoch: 199==
mean train EPE loss: 0.027666
mean test EPE loss: 0.034097
==epoch: 200==
mean train EPE loss: 0.027626
mean test EPE loss: 0.032592
==epoch: 201==
mean train EPE loss: 0.027800
mean test EPE loss: 0.032554
best test loss till now: 0.032554
==epoch: 202==
mean train EPE loss: 0.027502
mean test EPE loss: 0.033208
==epoch: 203==
mean train EPE loss: 0.027530
mean test EPE loss: 0.034541
==epoch: 204==
mean train EPE loss: 0.027374
mean test EPE loss: 0.032156
best test loss till now: 0.032156
==epoch: 205==
mean train EPE loss: 0.027596
mean test EPE loss: 0.032709
==epoch: 206==
mean train EPE loss: 0.027474
mean test EPE loss: 0.039307
==epoch: 207==
mean train EPE loss: 0.027647
mean test EPE loss: 0.032853
==epoch: 208==
mean train EPE loss: 0.027440
mean test EPE loss: 0.033836
==epoch: 209==
mean train EPE loss: 0.027400
mean test EPE loss: 0.033385
==epoch: 210==
mean train EPE loss: 0.027556
mean test EPE loss: 0.033443
==epoch: 211==
mean train EPE loss: 0.027296
mean test EPE loss: 0.033347
==epoch: 212==
mean train EPE loss: 0.027284
mean test EPE loss: 0.032211
==epoch: 213==
mean train EPE loss: 0.027415
mean test EPE loss: 0.032743
==epoch: 214==
mean train EPE loss: 0.027309
mean test EPE loss: 0.034585
==epoch: 215==
mean train EPE loss: 0.027416
mean test EPE loss: 0.033134
==epoch: 216==
mean train EPE loss: 0.027519
mean test EPE loss: 0.034241
==epoch: 217==
mean train EPE loss: 0.027364
mean test EPE loss: 0.032562
==epoch: 218==
mean train EPE loss: 0.027416
mean test EPE loss: 0.034114
==epoch: 219==
mean train EPE loss: 0.027584
mean test EPE loss: 0.036362
==epoch: 220==
mean train EPE loss: 0.027331
mean test EPE loss: 0.033793
==epoch: 221==
mean train EPE loss: 0.027400
mean test EPE loss: 0.033965
==epoch: 222==
mean train EPE loss: 0.027401
mean test EPE loss: 0.034118
==epoch: 223==
mean train EPE loss: 0.027484
mean test EPE loss: 0.033143
==epoch: 224==
mean train EPE loss: 0.027273
mean test EPE loss: 0.032555
==epoch: 225==
mean train EPE loss: 0.027389
mean test EPE loss: 0.031877
best test loss till now: 0.031877
==epoch: 226==
mean train EPE loss: 0.027403
mean test EPE loss: 0.032648
==epoch: 227==
mean train EPE loss: 0.027210
mean test EPE loss: 0.033452
==epoch: 228==
mean train EPE loss: 0.027269
mean test EPE loss: 0.034084
==epoch: 229==
mean train EPE loss: 0.027530
mean test EPE loss: 0.033470
==epoch: 230==
mean train EPE loss: 0.027243
mean test EPE loss: 0.032014
==epoch: 231==
mean train EPE loss: 0.027258
mean test EPE loss: 0.032905
==epoch: 232==
mean train EPE loss: 0.027289
mean test EPE loss: 0.033180
==epoch: 233==
mean train EPE loss: 0.027176
mean test EPE loss: 0.033628
==epoch: 234==
mean train EPE loss: 0.027346
mean test EPE loss: 0.033026
==epoch: 235==
mean train EPE loss: 0.027260
mean test EPE loss: 0.032652
==epoch: 236==
mean train EPE loss: 0.027303
mean test EPE loss: 0.032143
==epoch: 237==
mean train EPE loss: 0.027373
mean test EPE loss: 0.032356
==epoch: 238==
mean train EPE loss: 0.027216
mean test EPE loss: 0.033173
==epoch: 239==
mean train EPE loss: 0.027255
mean test EPE loss: 0.032314
==epoch: 240==
mean train EPE loss: 0.027256
mean test EPE loss: 0.031535
best test loss till now: 0.031535
==epoch: 241==
mean train EPE loss: 0.027334
mean test EPE loss: 0.032058
==epoch: 242==
mean train EPE loss: 0.027234
mean test EPE loss: 0.032868
==epoch: 243==
mean train EPE loss: 0.027290
mean test EPE loss: 0.033477
==epoch: 244==
mean train EPE loss: 0.027293
mean test EPE loss: 0.032572
==epoch: 245==
mean train EPE loss: 0.027128
mean test EPE loss: 0.032159
==epoch: 246==
mean train EPE loss: 0.027262
mean test EPE loss: 0.032254
==epoch: 247==
mean train EPE loss: 0.027206
mean test EPE loss: 0.033084
==epoch: 248==
mean train EPE loss: 0.027257
mean test EPE loss: 0.031839
==epoch: 249==
mean train EPE loss: 0.027205
mean test EPE loss: 0.031678
